<?xml version="1.0" encoding="UTF-8"?>
<testsuite name="com.amazon.ata.recursion.prework.RecursiveCountDownTest" tests="2" skipped="0" failures="0" errors="0" timestamp="2024-09-11T20:56:14" hostname="Raphaels-MacBook-Pro.local" time="0.012">
  <properties/>
  <testcase name="countDown0_recursiveCountDown_returnsExpected()" classname="com.amazon.ata.recursion.prework.RecursiveCountDownTest" time="0.006"/>
  <testcase name="countDown12_recursiveCountDown_returnsExpected()" classname="com.amazon.ata.recursion.prework.RecursiveCountDownTest" time="0.006"/>
  <system-out><![CDATA[]]></system-out>
  <system-err><![CDATA[]]></system-err>
</testsuite>
